Using pre-set license
Built from '2020.3/staging' branch; Version is '2020.3.5f1 (8095aa901b9b) revision 8426922'; Using compiler version '192528614'; Build Type 'Release'
OS: 'Windows 10 Home; OS build 19041.928; Version 2004; 64bit' Language: 'fr' Physical Memory: 16234 MB
BatchMode: 1, IsHumanControllingUs: 0, StartBugReporterOnCrash: 0, Is64bit: 1, IsPro: 0

 COMMAND LINE ARGUMENTS:
C:\Program Files\Unity\Hub\Editor\2020.3.5f1\Editor\Unity.exe
-adb2
-batchMode
-noUpm
-name
AssetImportWorker0
-projectPath
C:/Users/quent/OneDrive/Bureau/Git Ghost Hat/Ghost-Hat/Ghost Hat
-logFile
Logs/AssetImportWorker0.log
-srvPort
60617
Successfully changed project path to: C:/Users/quent/OneDrive/Bureau/Git Ghost Hat/Ghost-Hat/Ghost Hat
C:/Users/quent/OneDrive/Bureau/Git Ghost Hat/Ghost-Hat/Ghost Hat
Using Asset Import Pipeline V2.
Refreshing native plugins compatible for Editor in 96.54 ms, found 1 plugins.
Preloading 0 native plugins for Editor in 0.00 ms.
Initialize engine version: 2020.3.5f1 (8095aa901b9b)
[Subsystems] Discovering subsystems at path C:/Program Files/Unity/Hub/Editor/2020.3.5f1/Editor/Data/Resources/UnitySubsystems
[Subsystems] Discovering subsystems at path C:/Users/quent/OneDrive/Bureau/Git Ghost Hat/Ghost-Hat/Ghost Hat/Assets
GfxDevice: creating device client; threaded=0
Direct3D:
    Version:  Direct3D 11.0 [level 11.1]
    Renderer: NVIDIA GeForce GTX 1660 Ti (ID=0x2191)
    Vendor:   
    VRAM:     5991 MB
    Driver:   27.21.14.5763
Initialize mono
Mono path[0] = 'C:/Program Files/Unity/Hub/Editor/2020.3.5f1/Editor/Data/Managed'
Mono path[1] = 'C:/Program Files/Unity/Hub/Editor/2020.3.5f1/Editor/Data/MonoBleedingEdge/lib/mono/unityjit'
Mono config path = 'C:/Program Files/Unity/Hub/Editor/2020.3.5f1/Editor/Data/MonoBleedingEdge/etc'
Using monoOptions --debugger-agent=transport=dt_socket,embedding=1,server=y,suspend=n,address=127.0.0.1:56924
Begin MonoManager ReloadAssembly
Registering precompiled unity dll's ...
Register platform support module: C:/Program Files/Unity/Hub/Editor/2020.3.5f1/Editor/Data/PlaybackEngines/WindowsStandaloneSupport/UnityEditor.WindowsStandalone.Extensions.dll
Registered in 0.004742 seconds.
Native extension for WindowsStandalone target not found
Refreshing native plugins compatible for Editor in 110.93 ms, found 1 plugins.
Preloading 0 native plugins for Editor in 0.00 ms.
Mono: successfully reloaded assembly
- Completed reload, in  3.151 seconds
Platform modules already initialized, skipping
Registering precompiled user dll's ...
Registered in 0.002030 seconds.
Begin MonoManager ReloadAssembly
Native extension for WindowsStandalone target not found
Refreshing native plugins compatible for Editor in 96.98 ms, found 1 plugins.
Preloading 0 native plugins for Editor in 0.00 ms.
Mono: successfully reloaded assembly
- Completed reload, in  2.669 seconds
Platform modules already initialized, skipping
========================================================================
Worker process is ready to serve import requests
Launched and connected shader compiler UnityShaderCompiler.exe after 0.12 seconds
Refreshing native plugins compatible for Editor in 0.67 ms, found 1 plugins.
Preloading 0 native plugins for Editor in 0.00 ms.
Unloading 1808 Unused Serialized files (Serialized files now loaded: 0)
System memory in use before: 84.8 MB.
System memory in use after: 84.8 MB.

Unloading 24 unused Assets to reduce memory usage. Loaded Objects now: 2250.
Total: 4.363000 ms (FindLiveObjects: 0.319700 ms CreateObjectMapping: 0.156200 ms MarkObjects: 3.622900 ms  DeleteObjects: 0.261800 ms)

========================================================================
Received Import Request.
  path: Assets/Scenes/quentin.unity
  artifactKey: Guid(f631fd95d0dbba6419aeaed97c9322bc) Importer(815301076,1909f56bfc062723c751e8b465ee728b)
Start importing Assets/Scenes/quentin.unity using Guid(f631fd95d0dbba6419aeaed97c9322bc) Importer(815301076,1909f56bfc062723c751e8b465ee728b)  -> (artifact id: '2f399753f65a4bd03667d7b6a0966743') in 0.036656 seconds
  Import took 0.043756 seconds .

========================================================================
Received Import Request.
  Time since last request: 0.000531 seconds.
  path: Assets/Scenes
  artifactKey: Guid(c9c1692c62ca63a49beae971b0b8fe40) Importer(815301076,1909f56bfc062723c751e8b465ee728b)
Start importing Assets/Scenes using Guid(c9c1692c62ca63a49beae971b0b8fe40) Importer(815301076,1909f56bfc062723c751e8b465ee728b)  -> (artifact id: 'b9aea1d15a45152e7e80cc372695c23d') in 0.013691 seconds
  Import took 0.020424 seconds .

========================================================================
Received Import Request.
  Time since last request: 4.814922 seconds.
  path: Assets/Scenes/cedric.unity
  artifactKey: Guid(260004b31a759bc4d859ae869c39077e) Importer(815301076,1909f56bfc062723c751e8b465ee728b)
Start importing Assets/Scenes/cedric.unity using Guid(260004b31a759bc4d859ae869c39077e) Importer(815301076,1909f56bfc062723c751e8b465ee728b)  -> (artifact id: '4c3f0db601ae76756c123481d747f8e7') in 0.014408 seconds
  Import took 0.022019 seconds .

========================================================================
Received Import Request.
  Time since last request: 6.381138 seconds.
  path: Assets/Scenes/alexandre.unity
  artifactKey: Guid(6a6215a9db0c62c488bc8c1b72fcf8d6) Importer(815301076,1909f56bfc062723c751e8b465ee728b)
Start importing Assets/Scenes/alexandre.unity using Guid(6a6215a9db0c62c488bc8c1b72fcf8d6) Importer(815301076,1909f56bfc062723c751e8b465ee728b)  -> (artifact id: '0b8326758878a0783fc21fb4b9978570') in 0.014602 seconds
  Import took 0.021867 seconds .

========================================================================
Received Import Request.
  Time since last request: 2.213265 seconds.
  path: Assets
  artifactKey: Guid(00000000000000001000000000000000) Importer(815301076,1909f56bfc062723c751e8b465ee728b)
Start importing Assets using Guid(00000000000000001000000000000000) Importer(815301076,1909f56bfc062723c751e8b465ee728b)  -> (artifact id: 'e4856052512617ee48189cf1d7999900') in 0.013656 seconds
  Import took 0.020405 seconds .

========================================================================
Received Import Request.
  Time since last request: 4.119495 seconds.
  path: Assets/Arts
  artifactKey: Guid(ae890901454a1f9428a3d52541fc9be5) Importer(815301076,1909f56bfc062723c751e8b465ee728b)
Start importing Assets/Arts using Guid(ae890901454a1f9428a3d52541fc9be5) Importer(815301076,1909f56bfc062723c751e8b465ee728b)  -> (artifact id: '2e547228908bda6dcb0b54624e0ae141') in 0.014442 seconds
  Import took 0.021248 seconds .

========================================================================
Received Import Request.
  Time since last request: 4.877904 seconds.
  path: Assets/Prefabs
  artifactKey: Guid(e6c8ff4c215ba574599c143a23f3d5a6) Importer(815301076,1909f56bfc062723c751e8b465ee728b)
Start importing Assets/Prefabs using Guid(e6c8ff4c215ba574599c143a23f3d5a6) Importer(815301076,1909f56bfc062723c751e8b465ee728b)  -> (artifact id: '994d0334595dd551289656063f96eec2') in 0.014045 seconds
  Import took 0.020928 seconds .

========================================================================
Received Import Request.
  Time since last request: 5.530125 seconds.
  path: Assets/Scripts
  artifactKey: Guid(3014a518d3011384b8604ac646d8b103) Importer(815301076,1909f56bfc062723c751e8b465ee728b)
Start importing Assets/Scripts using Guid(3014a518d3011384b8604ac646d8b103) Importer(815301076,1909f56bfc062723c751e8b465ee728b)  -> (artifact id: 'a68a95b24aa8334f46a8318dcd6d4950') in 0.013825 seconds
  Import took 0.020248 seconds .

AssetImportWorkerClient::OnTransportError - code=2 error=End of file
